2019-12-26 17:32:32.647  INFO 89173 --- [main] com.shipment.ShipmentApiApplication      : The following profiles are active: local
2019-12-26 17:32:33.195  INFO 89173 --- [main] .s.d.r.c.RepositoryConfigurationDelegate : Bootstrapping Spring Data repositories in DEFAULT mode.
2019-12-26 17:32:33.248  INFO 89173 --- [main] .s.d.r.c.RepositoryConfigurationDelegate : Finished Spring Data repository scanning in 50ms. Found 1 repository interfaces.
2019-12-26 17:32:33.365  INFO 89173 --- [main] o.s.cloud.context.scope.GenericScope     : BeanFactory id=4a06680b-da50-3735-afdd-1c39d75f0a86
2019-12-26 17:32:33.385  INFO 89173 --- [main] trationDelegate$BeanPostProcessorChecker : Bean 'com.shipment.web.client.FeignAdvertisementClient' of type [org.springframework.cloud.openfeign.FeignClientFactoryBean] is not eligible for getting processed by all BeanPostProcessors (for example: not eligible for auto-proxying)
2019-12-26 17:32:33.440  INFO 89173 --- [main] trationDelegate$BeanPostProcessorChecker : Bean 'org.springframework.transaction.annotation.ProxyTransactionManagementConfiguration' of type [org.springframework.transaction.annotation.ProxyTransactionManagementConfiguration$$EnhancerBySpringCGLIB$$a1208003] is not eligible for getting processed by all BeanPostProcessors (for example: not eligible for auto-proxying)
2019-12-26 17:32:33.457  INFO 89173 --- [main] trationDelegate$BeanPostProcessorChecker : Bean 'org.springframework.cloud.autoconfigure.ConfigurationPropertiesRebinderAutoConfiguration' of type [org.springframework.cloud.autoconfigure.ConfigurationPropertiesRebinderAutoConfiguration$$EnhancerBySpringCGLIB$$bd3a8300] is not eligible for getting processed by all BeanPostProcessors (for example: not eligible for auto-proxying)
2019-12-26 17:32:33.670  INFO 89173 --- [main] o.s.b.w.embedded.tomcat.TomcatWebServer  : Tomcat initialized with port(s): 8081 (http)
2019-12-26 17:32:33.690  INFO 89173 --- [main] o.apache.catalina.core.StandardService   : Starting service [Tomcat]
2019-12-26 17:32:33.690  INFO 89173 --- [main] org.apache.catalina.core.StandardEngine  : Starting Servlet Engine: Apache Tomcat/9.0.13
2019-12-26 17:32:33.694  INFO 89173 --- [main] o.a.catalina.core.AprLifecycleListener   : The APR based Apache Tomcat Native library which allows optimal performance in production environments was not found on the java.library.path: [/Users/caner.yesildag/Library/Java/Extensions:/Library/Java/Extensions:/Network/Library/Java/Extensions:/System/Library/Java/Extensions:/usr/lib/java:.]
2019-12-26 17:32:33.775  INFO 89173 --- [main] o.a.c.c.C.[Tomcat].[localhost].[/]       : Initializing Spring embedded WebApplicationContext
2019-12-26 17:32:33.775  INFO 89173 --- [main] o.s.web.context.ContextLoader            : Root WebApplicationContext: initialization completed in 1102 ms
2019-12-26 17:32:33.907  INFO 89173 --- [main] com.zaxxer.hikari.HikariDataSource       : HikariPool-1 - Starting...
2019-12-26 17:32:33.909  WARN 89173 --- [main] com.zaxxer.hikari.util.DriverDataSource  : Registered driver with driverClassName=com.mysql.jdbc.Driver was not found, trying direct instantiation.
2019-12-26 17:32:33.979  INFO 89173 --- [main] com.zaxxer.hikari.HikariDataSource       : HikariPool-1 - Start completed.
2019-12-26 17:32:34.010  INFO 89173 --- [main] o.hibernate.jpa.internal.util.LogHelper  : HHH000204: Processing PersistenceUnitInfo [
	name: default
	...]
2019-12-26 17:32:34.039  INFO 89173 --- [main] org.hibernate.Version                    : HHH000412: Hibernate Core {5.3.7.Final}
2019-12-26 17:32:34.040  INFO 89173 --- [main] org.hibernate.cfg.Environment            : HHH000206: hibernate.properties not found
2019-12-26 17:32:34.162  INFO 89173 --- [main] o.hibernate.annotations.common.Version   : HCANN000001: Hibernate Commons Annotations {5.0.4.Final}
2019-12-26 17:32:34.277  INFO 89173 --- [main] org.hibernate.dialect.Dialect            : HHH000400: Using dialect: org.hibernate.dialect.MySQL5Dialect
2019-12-26 17:32:34.630  INFO 89173 --- [main] j.LocalContainerEntityManagerFactoryBean : Initialized JPA EntityManagerFactory for persistence unit 'default'
2019-12-26 17:32:35.008  WARN 89173 --- [main] aWebConfiguration$JpaWebMvcConfiguration : spring.jpa.open-in-view is enabled by default. Therefore, database queries may be performed during view rendering. Explicitly configure spring.jpa.open-in-view to disable this warning
2019-12-26 17:32:35.095  INFO 89173 --- [main] pertySourcedRequestMappingHandlerMapping : Mapped URL path [/v2/api-docs] onto method [public org.springframework.http.ResponseEntity<springfox.documentation.spring.web.json.Json> springfox.documentation.swagger2.web.Swagger2Controller.getDocumentation(java.lang.String,javax.servlet.http.HttpServletRequest)]
2019-12-26 17:32:35.102  WARN 89173 --- [main] c.n.c.sources.URLConfigurationSource     : No URLs will be polled as dynamic configuration sources.
2019-12-26 17:32:35.102  INFO 89173 --- [main] c.n.c.sources.URLConfigurationSource     : To enable URLs as dynamic configuration sources, define System property archaius.configurationSource.additionalUrls or make config.properties available on classpath.
2019-12-26 17:32:35.105  WARN 89173 --- [main] c.n.c.sources.URLConfigurationSource     : No URLs will be polled as dynamic configuration sources.
2019-12-26 17:32:35.105  INFO 89173 --- [main] c.n.c.sources.URLConfigurationSource     : To enable URLs as dynamic configuration sources, define System property archaius.configurationSource.additionalUrls or make config.properties available on classpath.
2019-12-26 17:32:35.205  INFO 89173 --- [main] o.s.s.concurrent.ThreadPoolTaskExecutor  : Initializing ExecutorService 'applicationTaskExecutor'
2019-12-26 17:32:35.380  INFO 89173 --- [main] d.s.w.p.DocumentationPluginsBootstrapper : Context refreshed
2019-12-26 17:32:35.390  INFO 89173 --- [main] d.s.w.p.DocumentationPluginsBootstrapper : Found 1 custom documentation plugin(s)
2019-12-26 17:32:35.431  INFO 89173 --- [main] s.d.s.w.s.ApiListingReferenceScanner     : Scanning for api listing references
2019-12-26 17:32:35.573  INFO 89173 --- [main] o.s.b.w.embedded.tomcat.TomcatWebServer  : Tomcat started on port(s): 8081 (http) with context path ''
2019-12-26 17:32:35.577  INFO 89173 --- [main] com.shipment.ShipmentApiApplication      : Started ShipmentApiApplication in 3.954 seconds (JVM running for 4.635)
2019-12-26 17:33:00.974  INFO 89173 --- [Thread-5] o.s.s.concurrent.ThreadPoolTaskExecutor  : Shutting down ExecutorService 'applicationTaskExecutor'
2019-12-26 17:33:00.978  INFO 89173 --- [Thread-5] j.LocalContainerEntityManagerFactoryBean : Closing JPA EntityManagerFactory for persistence unit 'default'
2019-12-26 17:33:00.981  INFO 89173 --- [Thread-5] com.zaxxer.hikari.HikariDataSource       : HikariPool-1 - Shutdown initiated...
2019-12-26 17:33:00.990  INFO 89173 --- [Thread-5] com.zaxxer.hikari.HikariDataSource       : HikariPool-1 - Shutdown completed.
